Performing C SOURCE FILE Test CMAKE_HAVE_LIBC_PTHREAD failed with the following output:
Change Dir: /media/robot31-4/5AE42FB7E42F93F3/diplom_05_28/build/CMakeFiles/CMakeTmp

Run Build Command(s):/usr/bin/make -f Makefile cmTC_3cc27/fast && /usr/bin/make  -f CMakeFiles/cmTC_3cc27.dir/build.make CMakeFiles/cmTC_3cc27.dir/build
make[1]: Entering directory '/media/robot31-4/5AE42FB7E42F93F3/diplom_05_28/build/CMakeFiles/CMakeTmp'
Building C object CMakeFiles/cmTC_3cc27.dir/src.c.o
/usr/bin/cc -DCMAKE_HAVE_LIBC_PTHREAD   -o CMakeFiles/cmTC_3cc27.dir/src.c.o -c /media/robot31-4/5AE42FB7E42F93F3/diplom_05_28/build/CMakeFiles/CMakeTmp/src.c
Linking C executable cmTC_3cc27
/usr/bin/cmake -E cmake_link_script CMakeFiles/cmTC_3cc27.dir/link.txt --verbose=1
/usr/bin/cc -rdynamic CMakeFiles/cmTC_3cc27.dir/src.c.o -o cmTC_3cc27 
CMakeFiles/cmTC_3cc27.dir/src.c.o: In function `main':
src.c:(.text+0x3e): undefined reference to `pthread_create'
src.c:(.text+0x4a): undefined reference to `pthread_detach'
src.c:(.text+0x56): undefined reference to `pthread_cancel'
src.c:(.text+0x67): undefined reference to `pthread_join'
src.c:(.text+0x7b): undefined reference to `pthread_atfork'
collect2: error: ld returned 1 exit status
CMakeFiles/cmTC_3cc27.dir/build.make:98: recipe for target 'cmTC_3cc27' failed
make[1]: *** [cmTC_3cc27] Error 1
make[1]: Leaving directory '/media/robot31-4/5AE42FB7E42F93F3/diplom_05_28/build/CMakeFiles/CMakeTmp'
Makefile:127: recipe for target 'cmTC_3cc27/fast' failed
make: *** [cmTC_3cc27/fast] Error 2


Source file was:
#include <pthread.h>

static void* test_func(void* data)
{
  return data;
}

int main(void)
{
  pthread_t thread;
  pthread_create(&thread, NULL, test_func, NULL);
  pthread_detach(thread);
  pthread_cancel(thread);
  pthread_join(thread, NULL);
  pthread_atfork(NULL, NULL, NULL);
  pthread_exit(NULL);

  return 0;
}

Determining if the function pthread_create exists in the pthreads failed with the following output:
Change Dir: /media/robot31-4/5AE42FB7E42F93F3/diplom_05_28/build/CMakeFiles/CMakeTmp

Run Build Command(s):/usr/bin/make -f Makefile cmTC_7de85/fast && /usr/bin/make  -f CMakeFiles/cmTC_7de85.dir/build.make CMakeFiles/cmTC_7de85.dir/build
make[1]: Entering directory '/media/robot31-4/5AE42FB7E42F93F3/diplom_05_28/build/CMakeFiles/CMakeTmp'
Building C object CMakeFiles/cmTC_7de85.dir/CheckFunctionExists.c.o
/usr/bin/cc   -DCHECK_FUNCTION_EXISTS=pthread_create -o CMakeFiles/cmTC_7de85.dir/CheckFunctionExists.c.o -c /usr/share/cmake-3.23/Modules/CheckFunctionExists.c
Linking C executable cmTC_7de85
/usr/bin/cmake -E cmake_link_script CMakeFiles/cmTC_7de85.dir/link.txt --verbose=1
/usr/bin/cc  -DCHECK_FUNCTION_EXISTS=pthread_create -rdynamic CMakeFiles/cmTC_7de85.dir/CheckFunctionExists.c.o -o cmTC_7de85  -lpthreads 
/usr/bin/ld: cannot find -lpthreads
collect2: error: ld returned 1 exit status
CMakeFiles/cmTC_7de85.dir/build.make:98: recipe for target 'cmTC_7de85' failed
make[1]: *** [cmTC_7de85] Error 1
make[1]: Leaving directory '/media/robot31-4/5AE42FB7E42F93F3/diplom_05_28/build/CMakeFiles/CMakeTmp'
Makefile:127: recipe for target 'cmTC_7de85/fast' failed
make: *** [cmTC_7de85/fast] Error 2



